Started by user [8mha:////4MFJ6xojmIiKJnOwGuHTGtjwzzlGbLZ/9/dVcqA+judpAAAAmR+LCAAAAAAAAP9b85aBtbiIQTGjNKU4P08vOT+vOD8nVc83PyU1x6OyILUoJzMv2y+/JJUBAhiZGBgqihhk0NSjKDWzXb3RdlLBUSYGJk8GtpzUvPSSDB8G5tKinBIGIZ+sxLJE/ZzEvHT94JKizLx0a6BxUmjGOUNodHsLgAz2EgZe/dLi1CL9gqLElNTUAgD3sYsXwgAAAA==[0mpradeep
Running as SYSTEM
Building remotely on [8mha:////4LcQMJRO/NhO19IDBGxTSo3XsG7FZM1w+6SYzY1GWzBdAAAApB+LCAAAAAAAAP9b85aBtbiIQTGjNKU4P08vOT+vOD8nVc83PyU1x6OyILUoJzMv2y+/JJUBAhiZGBgqihhk0NSjKDWzXb3RdlLBUSYGJk8GtpzUvPSSDB8G5tKinBIGIZ+sxLJE/ZzEvHT94JKizLx0a6BxUmjGOUNodHsLgAy+EgYJ/eT83ILSktQi/azUvOzMvGLd4pzEslQjAMA/Kp7NAAAA[0mjenkins-slave2 (lab1) in workspace /home/ec2-user/workspace/Buildjob
The recommended git tool is: NONE
No credentials specified
 > git rev-parse --resolve-git-dir /home/ec2-user/workspace/Buildjob/.git # timeout=10
Fetching changes from the remote Git repository
 > git config remote.origin.url https://github.com/pradeepbrucelee/C-program.git # timeout=10
Fetching upstream changes from https://github.com/pradeepbrucelee/C-program.git
 > git --version # timeout=10
 > git --version # 'git version 2.43.0'
 > git fetch --tags --force --progress -- https://github.com/pradeepbrucelee/C-program.git +refs/heads/*:refs/remotes/origin/* # timeout=10
 > git rev-parse refs/remotes/origin/main^{commit} # timeout=10
Checking out Revision 4671870dde59cb68210d7d4d5324ddb7bde1c66d (refs/remotes/origin/main)
 > git config core.sparsecheckout # timeout=10
 > git checkout -f 4671870dde59cb68210d7d4d5324ddb7bde1c66d # timeout=10
Commit message: "Create test123"
 > git rev-list --no-walk 4671870dde59cb68210d7d4d5324ddb7bde1c66d # timeout=10
[Buildjob] $ /bin/sh -xe /tmp/jenkins683721992905823898.sh
+ cd /home/ec2-user/workspace/Buildjob
+ mvn clean deploy
[INFO] Scanning for projects...
[INFO] ------------------------------------------------------------------------
[INFO] BUILD FAILURE
[INFO] ------------------------------------------------------------------------
[INFO] Total time:  0.163 s
[INFO] Finished at: 2024-06-15T10:36:17Z
[INFO] ------------------------------------------------------------------------
[ERROR] The goal you specified requires a project to execute but there is no POM in this directory (/home/ec2-user/workspace/Buildjob). Please verify you invoked Maven from the correct directory. -> [Help 1]
[ERROR] 
[ERROR] To see the full stack trace of the errors, re-run Maven with the -e switch.
[ERROR] Re-run Maven using the -X switch to enable full debug logging.
[ERROR] 
[ERROR] For more information about the errors and possible solutions, please read the following articles:
[ERROR] [Help 1] http://cwiki.apache.org/confluence/display/MAVEN/MissingProjectException
Build step 'Execute shell' marked build as failure
Finished: FAILURE
